1571641443282	mozrunner::runner	INFO	Running command: "/usr/bin/firefox" "-marionette" "-foreground" "-no-remote" "-profile" "/tmp/rust_mozprofileiHy6vM"
1571641443840	addons.webextension.screenshots@mozilla.org	WARN	Loading extension 'screenshots@mozilla.org': Reading manifest: Invalid extension permission: mozillaAddons
1571641443841	addons.webextension.screenshots@mozilla.org	WARN	Loading extension 'screenshots@mozilla.org': Reading manifest: Invalid extension permission: telemetry
1571641443841	addons.webextension.screenshots@mozilla.org	WARN	Loading extension 'screenshots@mozilla.org': Reading manifest: Invalid extension permission: resource://pdf.js/
1571641443842	addons.webextension.screenshots@mozilla.org	WARN	Loading extension 'screenshots@mozilla.org': Reading manifest: Invalid extension permission: about:reader*
1571641445777	Marionette	INFO	Listening on port 36421
1571641445831	Marionette	WARN	TLS certificate errors will be ignored for this session
1571641458083	Marionette	INFO	Stopped listening on port 36421
1571641511644	mozrunner::runner	INFO	Running command: "/usr/bin/firefox" "-marionette" "-foreground" "-no-remote" "-profile" "/tmp/rust_mozprofileKaLmnf"
1571641512058	addons.webextension.screenshots@mozilla.org	WARN	Loading extension 'screenshots@mozilla.org': Reading manifest: Invalid extension permission: mozillaAddons
1571641512059	addons.webextension.screenshots@mozilla.org	WARN	Loading extension 'screenshots@mozilla.org': Reading manifest: Invalid extension permission: telemetry
1571641512059	addons.webextension.screenshots@mozilla.org	WARN	Loading extension 'screenshots@mozilla.org': Reading manifest: Invalid extension permission: resource://pdf.js/
1571641512059	addons.webextension.screenshots@mozilla.org	WARN	Loading extension 'screenshots@mozilla.org': Reading manifest: Invalid extension permission: about:reader*
1571641513792	Marionette	INFO	Listening on port 45271
1571641513862	Marionette	WARN	TLS certificate errors will be ignored for this session
1571641524502	Marionette	INFO	Stopped listening on port 45271
1571641606267	mozrunner::runner	INFO	Running command: "/usr/bin/firefox" "-marionette" "-foreground" "-no-remote" "-profile" "/tmp/rust_mozprofileIAOwJL"
1571641606719	addons.webextension.screenshots@mozilla.org	WARN	Loading extension 'screenshots@mozilla.org': Reading manifest: Invalid extension permission: mozillaAddons
1571641606720	addons.webextension.screenshots@mozilla.org	WARN	Loading extension 'screenshots@mozilla.org': Reading manifest: Invalid extension permission: telemetry
1571641606720	addons.webextension.screenshots@mozilla.org	WARN	Loading extension 'screenshots@mozilla.org': Reading manifest: Invalid extension permission: resource://pdf.js/
1571641606720	addons.webextension.screenshots@mozilla.org	WARN	Loading extension 'screenshots@mozilla.org': Reading manifest: Invalid extension permission: about:reader*
1571641608599	Marionette	INFO	Listening on port 44037
1571641608680	Marionette	WARN	TLS certificate errors will be ignored for this session
1571641653461	Marionette	INFO	Stopped listening on port 44037
1571641717795	mozrunner::runner	INFO	Running command: "/usr/bin/firefox" "-marionette" "-foreground" "-no-remote" "-profile" "/tmp/rust_mozprofilefjrHlc"
1571641718208	addons.webextension.screenshots@mozilla.org	WARN	Loading extension 'screenshots@mozilla.org': Reading manifest: Invalid extension permission: mozillaAddons
1571641718208	addons.webextension.screenshots@mozilla.org	WARN	Loading extension 'screenshots@mozilla.org': Reading manifest: Invalid extension permission: telemetry
1571641718209	addons.webextension.screenshots@mozilla.org	WARN	Loading extension 'screenshots@mozilla.org': Reading manifest: Invalid extension permission: resource://pdf.js/
1571641718209	addons.webextension.screenshots@mozilla.org	WARN	Loading extension 'screenshots@mozilla.org': Reading manifest: Invalid extension permission: about:reader*
1571641719814	Marionette	INFO	Listening on port 44057
1571641719902	Marionette	WARN	TLS certificate errors will be ignored for this session
1571641732312	Marionette	INFO	Stopped listening on port 44057
1571641810889	mozrunner::runner	INFO	Running command: "/usr/bin/firefox" "-marionette" "-foreground" "-no-remote" "-profile" "/tmp/rust_mozprofileg5puRI"
1571641811325	addons.webextension.screenshots@mozilla.org	WARN	Loading extension 'screenshots@mozilla.org': Reading manifest: Invalid extension permission: mozillaAddons
1571641811326	addons.webextension.screenshots@mozilla.org	WARN	Loading extension 'screenshots@mozilla.org': Reading manifest: Invalid extension permission: telemetry
1571641811326	addons.webextension.screenshots@mozilla.org	WARN	Loading extension 'screenshots@mozilla.org': Reading manifest: Invalid extension permission: resource://pdf.js/
1571641811326	addons.webextension.screenshots@mozilla.org	WARN	Loading extension 'screenshots@mozilla.org': Reading manifest: Invalid extension permission: about:reader*
1571641813445	Marionette	INFO	Listening on port 42007
1571641813498	Marionette	WARN	TLS certificate errors will be ignored for this session
1571641822254	Marionette	INFO	Stopped listening on port 42007
1571642716676	mozrunner::runner	INFO	Running command: "/usr/bin/firefox" "-marionette" "-foreground" "-no-remote" "-profile" "/tmp/rust_mozprofileOiOFqR"
1571642717101	addons.webextension.screenshots@mozilla.org	WARN	Loading extension 'screenshots@mozilla.org': Reading manifest: Invalid extension permission: mozillaAddons
1571642717102	addons.webextension.screenshots@mozilla.org	WARN	Loading extension 'screenshots@mozilla.org': Reading manifest: Invalid extension permission: telemetry
1571642717102	addons.webextension.screenshots@mozilla.org	WARN	Loading extension 'screenshots@mozilla.org': Reading manifest: Invalid extension permission: resource://pdf.js/
1571642717102	addons.webextension.screenshots@mozilla.org	WARN	Loading extension 'screenshots@mozilla.org': Reading manifest: Invalid extension permission: about:reader*
1571642719185	Marionette	INFO	Listening on port 42941
1571642719283	Marionette	WARN	TLS certificate errors will be ignored for this session
1571642739909	Marionette	INFO	Stopped listening on port 42941
1571642801781	mozrunner::runner	INFO	Running command: "/usr/bin/firefox" "-marionette" "-foreground" "-no-remote" "-profile" "/tmp/rust_mozprofileOr36CE"
1571642802212	addons.webextension.screenshots@mozilla.org	WARN	Loading extension 'screenshots@mozilla.org': Reading manifest: Invalid extension permission: mozillaAddons
1571642802213	addons.webextension.screenshots@mozilla.org	WARN	Loading extension 'screenshots@mozilla.org': Reading manifest: Invalid extension permission: telemetry
1571642802213	addons.webextension.screenshots@mozilla.org	WARN	Loading extension 'screenshots@mozilla.org': Reading manifest: Invalid extension permission: resource://pdf.js/
1571642802213	addons.webextension.screenshots@mozilla.org	WARN	Loading extension 'screenshots@mozilla.org': Reading manifest: Invalid extension permission: about:reader*
1571642804254	Marionette	INFO	Listening on port 42911
1571642804293	Marionette	WARN	TLS certificate errors will be ignored for this session
1571642814050	Marionette	INFO	Stopped listening on port 42911
1571642839596	mozrunner::runner	INFO	Running command: "/usr/bin/firefox" "-marionette" "-foreground" "-no-remote" "-profile" "/tmp/rust_mozprofileAiLxaC"
1571642840023	addons.webextension.screenshots@mozilla.org	WARN	Loading extension 'screenshots@mozilla.org': Reading manifest: Invalid extension permission: mozillaAddons
1571642840023	addons.webextension.screenshots@mozilla.org	WARN	Loading extension 'screenshots@mozilla.org': Reading manifest: Invalid extension permission: telemetry
1571642840023	addons.webextension.screenshots@mozilla.org	WARN	Loading extension 'screenshots@mozilla.org': Reading manifest: Invalid extension permission: resource://pdf.js/
1571642840023	addons.webextension.screenshots@mozilla.org	WARN	Loading extension 'screenshots@mozilla.org': Reading manifest: Invalid extension permission: about:reader*
1571642841864	Marionette	INFO	Listening on port 39897
1571642841903	Marionette	WARN	TLS certificate errors will be ignored for this session
1571642841951	Marionette	INFO	Stopped listening on port 39897
1571644699093	mozrunner::runner	INFO	Running command: "/usr/bin/firefox" "-marionette" "-foreground" "-no-remote" "-profile" "/tmp/rust_mozprofileERNEEb"
1571644699497	addons.webextension.screenshots@mozilla.org	WARN	Loading extension 'screenshots@mozilla.org': Reading manifest: Invalid extension permission: mozillaAddons
1571644699497	addons.webextension.screenshots@mozilla.org	WARN	Loading extension 'screenshots@mozilla.org': Reading manifest: Invalid extension permission: telemetry
1571644699497	addons.webextension.screenshots@mozilla.org	WARN	Loading extension 'screenshots@mozilla.org': Reading manifest: Invalid extension permission: resource://pdf.js/
1571644699498	addons.webextension.screenshots@mozilla.org	WARN	Loading extension 'screenshots@mozilla.org': Reading manifest: Invalid extension permission: about:reader*
1571644701229	Marionette	INFO	Listening on port 42113
1571644701313	Marionette	WARN	TLS certificate errors will be ignored for this session
1571644710486	Marionette	INFO	Stopped listening on port 42113
1571645933813	mozrunner::runner	INFO	Running command: "/usr/bin/firefox" "-marionette" "-foreground" "-no-remote" "-profile" "/tmp/rust_mozprofilejetvfd"
1571645934244	addons.webextension.screenshots@mozilla.org	WARN	Loading extension 'screenshots@mozilla.org': Reading manifest: Invalid extension permission: mozillaAddons
1571645934244	addons.webextension.screenshots@mozilla.org	WARN	Loading extension 'screenshots@mozilla.org': Reading manifest: Invalid extension permission: telemetry
1571645934245	addons.webextension.screenshots@mozilla.org	WARN	Loading extension 'screenshots@mozilla.org': Reading manifest: Invalid extension permission: resource://pdf.js/
1571645934245	addons.webextension.screenshots@mozilla.org	WARN	Loading extension 'screenshots@mozilla.org': Reading manifest: Invalid extension permission: about:reader*
1571645936175	Marionette	INFO	Listening on port 37953
1571645936222	Marionette	WARN	TLS certificate errors will be ignored for this session
1571645944316	Marionette	INFO	Stopped listening on port 37953
1571816089912	mozrunner::runner	INFO	Running command: "/usr/bin/firefox" "-marionette" "-foreground" "-no-remote" "-profile" "/tmp/rust_mozprofilerrQKXB"
1571816090365	addons.webextension.screenshots@mozilla.org	WARN	Loading extension 'screenshots@mozilla.org': Reading manifest: Invalid extension permission: mozillaAddons
1571816090365	addons.webextension.screenshots@mozilla.org	WARN	Loading extension 'screenshots@mozilla.org': Reading manifest: Invalid extension permission: telemetry
1571816090366	addons.webextension.screenshots@mozilla.org	WARN	Loading extension 'screenshots@mozilla.org': Reading manifest: Invalid extension permission: resource://pdf.js/
1571816090366	addons.webextension.screenshots@mozilla.org	WARN	Loading extension 'screenshots@mozilla.org': Reading manifest: Invalid extension permission: about:reader*
1571816092054	Marionette	INFO	Listening on port 46595
1571816092060	Marionette	WARN	TLS certificate errors will be ignored for this session
1571816099092	Marionette	INFO	Stopped listening on port 46595
1572801336580	mozrunner::runner	INFO	Running command: "/usr/bin/firefox" "-marionette" "-headless" "-foreground" "-no-remote" "-profile" "/tmp/rust_mozprofilekLxIxF"
*** You are running in headless mode.
1572801336933	addons.webextension.screenshots@mozilla.org	WARN	Loading extension 'screenshots@mozilla.org': Reading manifest: Invalid extension permission: mozillaAddons
1572801336934	addons.webextension.screenshots@mozilla.org	WARN	Loading extension 'screenshots@mozilla.org': Reading manifest: Invalid extension permission: telemetry
1572801336934	addons.webextension.screenshots@mozilla.org	WARN	Loading extension 'screenshots@mozilla.org': Reading manifest: Invalid extension permission: resource://pdf.js/
1572801336934	addons.webextension.screenshots@mozilla.org	WARN	Loading extension 'screenshots@mozilla.org': Reading manifest: Invalid extension permission: about:reader*
1572801338427	Marionette	INFO	Listening on port 36825
1572801338507	Marionette	WARN	TLS certificate errors will be ignored for this session
1572801345993	Marionette	INFO	Stopped listening on port 36825
1572801561066	mozrunner::runner	INFO	Running command: "/usr/bin/firefox" "-marionette" "-headless" "-foreground" "-no-remote" "-profile" "/tmp/rust_mozprofilevkXEx3"
*** You are running in headless mode.
1572801561429	addons.webextension.screenshots@mozilla.org	WARN	Loading extension 'screenshots@mozilla.org': Reading manifest: Invalid extension permission: mozillaAddons
1572801561429	addons.webextension.screenshots@mozilla.org	WARN	Loading extension 'screenshots@mozilla.org': Reading manifest: Invalid extension permission: telemetry
1572801561430	addons.webextension.screenshots@mozilla.org	WARN	Loading extension 'screenshots@mozilla.org': Reading manifest: Invalid extension permission: resource://pdf.js/
1572801561430	addons.webextension.screenshots@mozilla.org	WARN	Loading extension 'screenshots@mozilla.org': Reading manifest: Invalid extension permission: about:reader*
1572801562725	Marionette	INFO	Listening on port 33547
1572801562771	Marionette	WARN	TLS certificate errors will be ignored for this session
1572801570701	Marionette	INFO	Stopped listening on port 33547
1572801654206	mozrunner::runner	INFO	Running command: "/usr/bin/firefox" "-marionette" "-headless" "-foreground" "-no-remote" "-profile" "/tmp/rust_mozprofilefn1ajl"
*** You are running in headless mode.
1572801654532	addons.webextension.screenshots@mozilla.org	WARN	Loading extension 'screenshots@mozilla.org': Reading manifest: Invalid extension permission: mozillaAddons
1572801654532	addons.webextension.screenshots@mozilla.org	WARN	Loading extension 'screenshots@mozilla.org': Reading manifest: Invalid extension permission: telemetry
1572801654533	addons.webextension.screenshots@mozilla.org	WARN	Loading extension 'screenshots@mozilla.org': Reading manifest: Invalid extension permission: resource://pdf.js/
1572801654533	addons.webextension.screenshots@mozilla.org	WARN	Loading extension 'screenshots@mozilla.org': Reading manifest: Invalid extension permission: about:reader*
1572801655818	Marionette	INFO	Listening on port 34475
1572801655914	Marionette	WARN	TLS certificate errors will be ignored for this session
Exiting due to channel error.
Exiting due to channel error.
[GFX1-]: Receive IPC close with reason=AbnormalShutdown
[Child 27284, Chrome_ChildThread] WARNING: pipe error (3): Connection reset by peer: file /build/firefox-dMxUp2/firefox-70.0+build2/ipc/chromium/src/chrome/common/ipc_channel_posix.cc, line 358
Exiting due to channel error.
1574005187960	mozrunner::runner	INFO	Running command: "/usr/bin/firefox" "-marionette" "-headless" "-foreground" "-no-remote" "-profile" "/tmp/rust_mozprofilezbPgvF"
*** You are running in headless mode.
1574005188291	addons.webextension.screenshots@mozilla.org	WARN	Loading extension 'screenshots@mozilla.org': Reading manifest: Invalid extension permission: mozillaAddons
1574005188291	addons.webextension.screenshots@mozilla.org	WARN	Loading extension 'screenshots@mozilla.org': Reading manifest: Invalid extension permission: telemetry
1574005188291	addons.webextension.screenshots@mozilla.org	WARN	Loading extension 'screenshots@mozilla.org': Reading manifest: Invalid extension permission: resource://pdf.js/
1574005188291	addons.webextension.screenshots@mozilla.org	WARN	Loading extension 'screenshots@mozilla.org': Reading manifest: Invalid extension permission: about:reader*
1574005189689	Marionette	INFO	Listening on port 37907
1574005189766	Marionette	WARN	TLS certificate errors will be ignored for this session
1574005224995	mozrunner::runner	INFO	Running command: "/usr/bin/firefox" "-marionette" "-headless" "-foreground" "-no-remote" "-profile" "/tmp/rust_mozprofile3JcmEc"
*** You are running in headless mode.
1574005225349	addons.webextension.screenshots@mozilla.org	WARN	Loading extension 'screenshots@mozilla.org': Reading manifest: Invalid extension permission: mozillaAddons
1574005225350	addons.webextension.screenshots@mozilla.org	WARN	Loading extension 'screenshots@mozilla.org': Reading manifest: Invalid extension permission: telemetry
1574005225389	addons.webextension.screenshots@mozilla.org	WARN	Loading extension 'screenshots@mozilla.org': Reading manifest: Invalid extension permission: resource://pdf.js/
1574005225390	addons.webextension.screenshots@mozilla.org	WARN	Loading extension 'screenshots@mozilla.org': Reading manifest: Invalid extension permission: about:reader*
1574005226740	Marionette	INFO	Listening on port 36345
1574005226800	Marionette	WARN	TLS certificate errors will be ignored for this session
